<?xml version="1.0" encoding="UTF-8"?>
<!-- Generated by org.testng.reporters.JUnitReportReporter -->
<testsuite hostname="DESKTOP-FHOIHPM" failures="0" tests="1" name="smoketests.LoginPresentTestNG" time="6.787" errors="0" timestamp="2022-02-16T16:19:28 IST" skipped="0">
  <testcase classname="smoketests.LoginPresentTestNG" name="loginpresenttest" time="6.787"/>
  <system-out/>
</testsuite> <!-- smoketests.LoginPresentTestNG -->
