<?xml version="1.0" encoding="UTF-8"?>
<!-- Generated by org.testng.reporters.JUnitReportReporter -->
<testsuite hostname="DESKTOP-FHOIHPM" failures="0" tests="1" name="smoketests.LoginPresentTestNG" time="8.566" errors="0" timestamp="2022-02-15T16:36:25 IST" skipped="0">
  <testcase classname="smoketests.LoginPresentTestNG" name="loginpresenttest" time="8.566"/>
  <system-out/>
</testsuite> <!-- smoketests.LoginPresentTestNG -->
